c:\users\chichachai\documents\esl\chichasnake\chichasnake\debug\vc140.pdb
c:\users\chichachai\documents\esl\chichasnake\chichasnake\debug\vc140.idb
c:\users\chichachai\documents\esl\chichasnake\chichasnake\debug\chichasnake.obj
c:\users\chichachai\documents\esl\chichasnake\chichasnake\debug\stdafx.obj
c:\users\chichachai\documents\esl\chichasnake\debug\chichasnake.pdb
c:\users\chichachai\documents\esl\chichasnake\chichasnake\debug\chichasnake.tlog\cl.command.1.tlog
c:\users\chichachai\documents\esl\chichasnake\chichasnake\debug\chichasnake.tlog\cl.read.1.tlog
c:\users\chichachai\documents\esl\chichasnake\chichasnake\debug\chichasnake.tlog\cl.write.1.tlog
c:\users\chichachai\documents\esl\chichasnake\chichasnake\debug\chichasnake.tlog\link-cvtres.read.1.tlog
c:\users\chichachai\documents\esl\chichasnake\chichasnake\debug\chichasnake.tlog\link-cvtres.write.1.tlog
c:\users\chichachai\documents\esl\chichasnake\chichasnake\debug\chichasnake.tlog\link-rc.read.1.tlog
c:\users\chichachai\documents\esl\chichasnake\chichasnake\debug\chichasnake.tlog\link-rc.write.1.tlog
c:\users\chichachai\documents\esl\chichasnake\chichasnake\debug\chichasnake.tlog\link.23452-cvtres.read.1.tlog
c:\users\chichachai\documents\esl\chichasnake\chichasnake\debug\chichasnake.tlog\link.23452-cvtres.write.1.tlog
c:\users\chichachai\documents\esl\chichasnake\chichasnake\debug\chichasnake.tlog\link.23452-rc.read.1.tlog
c:\users\chichachai\documents\esl\chichasnake\chichasnake\debug\chichasnake.tlog\link.23452-rc.write.1.tlog
c:\users\chichachai\documents\esl\chichasnake\chichasnake\debug\chichasnake.tlog\link.23452.read.1.tlog
c:\users\chichachai\documents\esl\chichasnake\chichasnake\debug\chichasnake.tlog\link.23452.write.1.tlog
c:\users\chichachai\documents\esl\chichasnake\chichasnake\debug\chichasnake.tlog\link.command.1.tlog
c:\users\chichachai\documents\esl\chichasnake\chichasnake\debug\chichasnake.tlog\link.read.1.tlog
c:\users\chichachai\documents\esl\chichasnake\chichasnake\debug\chichasnake.tlog\link.write.1.tlog
